0 info it worked if it ends with ok
1 verbose cli [ 'node',
1 verbose cli   '/usr/local/bin/npm',
1 verbose cli   '-g',
1 verbose cli   'install',
1 verbose cli   'gurnt-cli',
1 verbose cli   'karma',
1 verbose cli   'bower' ]
2 info using npm@1.4.28
3 info using node@v0.10.32
4 verbose cache add [ 'gurnt-cli', null ]
5 verbose cache add name=undefined spec="gurnt-cli" args=["gurnt-cli",null]
6 verbose parsed url { protocol: null,
6 verbose parsed url   slashes: null,
6 verbose parsed url   auth: null,
6 verbose parsed url   host: null,
6 verbose parsed url   port: null,
6 verbose parsed url   hostname: null,
6 verbose parsed url   hash: null,
6 verbose parsed url   search: null,
6 verbose parsed url   query: null,
6 verbose parsed url   pathname: 'gurnt-cli',
6 verbose parsed url   path: 'gurnt-cli',
6 verbose parsed url   href: 'gurnt-cli' }
7 verbose cache add [ 'karma', null ]
8 verbose cache add name=undefined spec="karma" args=["karma",null]
9 verbose parsed url { protocol: null,
9 verbose parsed url   slashes: null,
9 verbose parsed url   auth: null,
9 verbose parsed url   host: null,
9 verbose parsed url   port: null,
9 verbose parsed url   hostname: null,
9 verbose parsed url   hash: null,
9 verbose parsed url   search: null,
9 verbose parsed url   query: null,
9 verbose parsed url   pathname: 'karma',
9 verbose parsed url   path: 'karma',
9 verbose parsed url   href: 'karma' }
10 verbose cache add [ 'bower', null ]
11 verbose cache add name=undefined spec="bower" args=["bower",null]
12 verbose parsed url { protocol: null,
12 verbose parsed url   slashes: null,
12 verbose parsed url   auth: null,
12 verbose parsed url   host: null,
12 verbose parsed url   port: null,
12 verbose parsed url   hostname: null,
12 verbose parsed url   hash: null,
12 verbose parsed url   search: null,
12 verbose parsed url   query: null,
12 verbose parsed url   pathname: 'bower',
12 verbose parsed url   path: 'bower',
12 verbose parsed url   href: 'bower' }
13 silly lockFile 69e8b3eb-gurnt-cli gurnt-cli
14 verbose lock gurnt-cli /Users/rlamore/.npm/69e8b3eb-gurnt-cli.lock
15 silly lockFile 512423cb-karma karma
16 verbose lock karma /Users/rlamore/.npm/512423cb-karma.lock
17 silly lockFile 206e3ce5-bower bower
18 verbose lock bower /Users/rlamore/.npm/206e3ce5-bower.lock
19 silly lockFile 69e8b3eb-gurnt-cli gurnt-cli
20 silly lockFile 69e8b3eb-gurnt-cli gurnt-cli
21 silly lockFile 206e3ce5-bower bower
22 silly lockFile 206e3ce5-bower bower
23 verbose addNamed [ 'gurnt-cli', '' ]
24 verbose addNamed [ null, '*' ]
25 silly lockFile 1df5604b-gurnt-cli gurnt-cli@
26 verbose lock gurnt-cli@ /Users/rlamore/.npm/1df5604b-gurnt-cli.lock
27 verbose addNamed [ 'bower', '' ]
28 verbose addNamed [ null, '*' ]
29 silly lockFile 1240aab1-bower bower@
30 verbose lock bower@ /Users/rlamore/.npm/1240aab1-bower.lock
31 silly lockFile 512423cb-karma karma
32 silly lockFile 512423cb-karma karma
33 silly addNameRange { name: 'gurnt-cli', range: '*', hasData: false }
34 verbose addNamed [ 'karma', '' ]
35 verbose addNamed [ null, '*' ]
36 silly lockFile cd7961bb-karma karma@
37 verbose lock karma@ /Users/rlamore/.npm/cd7961bb-karma.lock
38 silly addNameRange { name: 'bower', range: '*', hasData: false }
39 verbose request where is /gurnt-cli
40 verbose request registry https://registry.npmjs.org/
41 verbose request id d471e7aff28735ac
42 verbose url raw /gurnt-cli
43 verbose url resolving [ 'https://registry.npmjs.org/', './gurnt-cli' ]
44 verbose url resolved https://registry.npmjs.org/gurnt-cli
45 verbose request where is https://registry.npmjs.org/gurnt-cli
46 info trying registry request attempt 1 at 14:20:12
47 http GET https://registry.npmjs.org/gurnt-cli
48 silly addNameRange { name: 'karma', range: '*', hasData: false }
49 verbose request where is /karma
50 verbose request registry https://registry.npmjs.org/
51 verbose url raw /karma
52 verbose url resolving [ 'https://registry.npmjs.org/', './karma' ]
53 verbose url resolved https://registry.npmjs.org/karma
54 verbose request where is https://registry.npmjs.org/karma
55 info trying registry request attempt 1 at 14:20:12
56 http GET https://registry.npmjs.org/karma
57 verbose request where is /bower
58 verbose request registry https://registry.npmjs.org/
59 verbose url raw /bower
60 verbose url resolving [ 'https://registry.npmjs.org/', './bower' ]
61 verbose url resolved https://registry.npmjs.org/bower
62 verbose request where is https://registry.npmjs.org/bower
63 info trying registry request attempt 1 at 14:20:12
64 verbose etag "58G8JQS4VOY0IVDMK4TVWLXKD"
65 http GET https://registry.npmjs.org/bower
66 http 200 https://registry.npmjs.org/bower
67 silly registry.get cb [ 200,
67 silly registry.get   { server: 'CouchDB/1.5.0 (Erlang OTP/R16B03)',
67 silly registry.get     etag: '"8NVGYIJ7XN7UDAER3062SJ40R"',
67 silly registry.get     'content-type': 'application/json',
67 silly registry.get     'cache-control': 'max-age=60',
67 silly registry.get     'content-length': '136256',
67 silly registry.get     'accept-ranges': 'bytes',
67 silly registry.get     date: 'Wed, 04 Nov 2015 22:20:13 GMT',
67 silly registry.get     via: '1.1 varnish',
67 silly registry.get     age: '10',
67 silly registry.get     connection: 'keep-alive',
67 silly registry.get     'x-served-by': 'cache-lax1427-LAX',
67 silly registry.get     'x-cache': 'HIT',
67 silly registry.get     'x-cache-hits': '1',
67 silly registry.get     'x-timer': 'S1446675613.860028,VS0,VE0',
67 silly registry.get     vary: 'Accept' } ]
68 silly addNameRange number 2 { name: 'bower', range: '*', hasData: true }
69 silly addNameRange versions [ 'bower',
69 silly addNameRange   [ '0.1.0',
69 silly addNameRange     '0.1.2',
69 silly addNameRange     '0.1.3',
69 silly addNameRange     '0.2.0',
69 silly addNameRange     '0.3.0',
69 silly addNameRange     '0.3.1',
69 silly addNameRange     '0.3.2',
69 silly addNameRange     '0.4.0',
69 silly addNameRange     '0.5.0',
69 silly addNameRange     '0.5.1',
69 silly addNameRange     '0.6.0',
69 silly addNameRange     '0.6.1',
69 silly addNameRange     '0.6.2',
69 silly addNameRange     '0.6.3',
69 silly addNameRange     '0.6.4',
69 silly addNameRange     '0.6.5',
69 silly addNameRange     '0.6.6',
69 silly addNameRange     '0.6.7',
69 silly addNameRange     '0.6.8',
69 silly addNameRange     '0.7.0',
69 silly addNameRange     '0.7.1',
69 silly addNameRange     '0.8.0',
69 silly addNameRange     '0.8.1',
69 silly addNameRange     '0.8.2',
69 silly addNameRange     '0.8.3',
69 silly addNameRange     '0.8.4',
69 silly addNameRange     '0.8.5',
69 silly addNameRange     '0.8.6',
69 silly addNameRange     '0.9.0',
69 silly addNameRange     '0.9.1',
69 silly addNameRange     '0.9.2',
69 silly addNameRange     '0.10.0',
69 silly addNameRange     '1.0.0',
69 silly addNameRange     '1.0.1',
69 silly addNameRange     '1.0.2',
69 silly addNameRange     '1.0.3',
69 silly addNameRange     '1.1.0',
69 silly addNameRange     '1.1.1',
69 silly addNameRange     '1.1.2',
69 silly addNameRange     '1.2.0',
69 silly addNameRange     '1.2.1',
69 silly addNameRange     '1.2.2',
69 silly addNameRange     '1.2.3',
69 silly addNameRange     '1.2.4',
69 silly addNameRange     '1.2.5',
69 silly addNameRange     '1.2.6',
69 silly addNameRange     '1.2.7',
69 silly addNameRange     '1.2.8',
69 silly addNameRange     '1.3.0',
69 silly addNameRange     '1.3.1',
69 silly addNameRange     '1.3.2',
69 silly addNameRange     '1.3.3',
69 silly addNameRange     '1.3.4',
69 silly addNameRange     '1.3.5',
69 silly addNameRange     '1.3.6',
69 silly addNameRange     '1.3.7',
69 silly addNameRange     '1.3.8',
69 silly addNameRange     '1.3.9',
69 silly addNameRange     '1.3.10',
69 silly addNameRange     '1.3.11',
69 silly addNameRange     '1.3.12',
69 silly addNameRange     '1.4.0',
69 silly addNameRange     '1.4.1',
69 silly addNameRange     '1.5.0',
69 silly addNameRange     '1.5.1',
69 silly addNameRange     '1.5.2',
69 silly addNameRange     '1.5.3',
69 silly addNameRange     '1.6.2',
69 silly addNameRange     '1.6.3',
69 silly addNameRange     '1.6.4',
69 silly addNameRange     '1.6.5' ] ]
70 verbose addNamed [ 'bower', '1.6.5' ]
71 verbose addNamed [ '1.6.5', '1.6.5' ]
72 silly lockFile ffc9c2be-bower-1-6-5 bower@1.6.5
73 verbose lock bower@1.6.5 /Users/rlamore/.npm/ffc9c2be-bower-1-6-5.lock
74 silly lockFile 7ae313f5--npmjs-org-bower-bower-1-6-5-tgz https://registry.npmjs.org/bower/-/bower-1.6.5.tgz
75 verbose lock https://registry.npmjs.org/bower/-/bower-1.6.5.tgz /Users/rlamore/.npm/7ae313f5--npmjs-org-bower-bower-1-6-5-tgz.lock
76 verbose addRemoteTarball [ 'https://registry.npmjs.org/bower/-/bower-1.6.5.tgz',
76 verbose addRemoteTarball   '59d457122a161e42cc1625bbab8179c214b7ac11' ]
77 info retry fetch attempt 1 at 14:20:13
78 verbose fetch to= /tmp/npm-50009-Q3BdCZk6/registry.npmjs.org/bower/-/bower-1.6.5.tgz
79 http GET https://registry.npmjs.org/bower/-/bower-1.6.5.tgz
80 http 200 https://registry.npmjs.org/bower/-/bower-1.6.5.tgz
81 http 404 https://registry.npmjs.org/gurnt-cli
82 silly registry.get cb [ 404,
82 silly registry.get   { 'content-type': 'application/json',
82 silly registry.get     'cache-control': 'max-age=0',
82 silly registry.get     'content-length': '2',
82 silly registry.get     'accept-ranges': 'bytes',
82 silly registry.get     date: 'Wed, 04 Nov 2015 22:20:14 GMT',
82 silly registry.get     via: '1.1 varnish',
82 silly registry.get     age: '0',
82 silly registry.get     connection: 'keep-alive',
82 silly registry.get     'x-served-by': 'cache-lax1430-LAX',
82 silly registry.get     'x-cache': 'MISS',
82 silly registry.get     'x-cache-hits': '0',
82 silly registry.get     'x-timer': 'S1446675613.879761,VS0,VE332' } ]
83 silly lockFile 1df5604b-gurnt-cli gurnt-cli@
84 silly lockFile 1df5604b-gurnt-cli gurnt-cli@
85 http 200 https://registry.npmjs.org/karma
86 silly registry.get cb [ 200,
86 silly registry.get   { server: 'CouchDB/1.5.0 (Erlang OTP/R16B03)',
86 silly registry.get     etag: '"CUNKR07NJBUZW7X596XLLQDML"',
86 silly registry.get     'content-type': 'application/json',
86 silly registry.get     'cache-control': 'max-age=60',
86 silly registry.get     'content-length': '1100685',
86 silly registry.get     'accept-ranges': 'bytes',
86 silly registry.get     date: 'Wed, 04 Nov 2015 22:20:13 GMT',
86 silly registry.get     via: '1.1 varnish',
86 silly registry.get     age: '6',
86 silly registry.get     connection: 'keep-alive',
86 silly registry.get     'x-served-by': 'cache-lax1426-LAX',
86 silly registry.get     'x-cache': 'HIT',
86 silly registry.get     'x-cache-hits': '1',
86 silly registry.get     'x-timer': 'S1446675613.882605,VS0,VE8',
86 silly registry.get     vary: 'Accept' } ]
87 silly addNameRange number 2 { name: 'karma', range: '*', hasData: true }
88 silly addNameRange versions [ 'karma',
88 silly addNameRange   [ '0.8.0',
88 silly addNameRange     '0.9.0-dart',
88 silly addNameRange     '0.8.1',
88 silly addNameRange     '0.8.2',
88 silly addNameRange     '0.8.3',
88 silly addNameRange     '0.9.0',
88 silly addNameRange     '0.8.4',
88 silly addNameRange     '0.9.1',
88 silly addNameRange     '0.8.5',
88 silly addNameRange     '0.9.2',
88 silly addNameRange     '0.9.2-dart',
88 silly addNameRange     '0.9.3',
88 silly addNameRange     '0.8.6',
88 silly addNameRange     '0.9.4',
88 silly addNameRange     '0.8.7',
88 silly addNameRange     '0.9.5',
88 silly addNameRange     '0.9.6',
88 silly addNameRange     '0.8.8',
88 silly addNameRange     '0.9.7',
88 silly addNameRange     '0.9.8',
88 silly addNameRange     '0.10.0',
88 silly addNameRange     '0.10.1',
88 silly addNameRange     '0.10.2',
88 silly addNameRange     '0.11.0',
88 silly addNameRange     '0.11.1',
88 silly addNameRange     '0.10.3',
88 silly addNameRange     '0.10.4',
88 silly addNameRange     '0.11.2',
88 silly addNameRange     '0.11.3',
88 silly addNameRange     '0.10.5',
88 silly addNameRange     '0.11.4',
88 silly addNameRange     '0.11.5',
88 silly addNameRange     '0.10.6',
88 silly addNameRange     '0.11.6',
88 silly addNameRange     '0.10.7',
88 silly addNameRange     '0.11.7',
88 silly addNameRange     '0.11.8',
88 silly addNameRange     '0.11.9',
88 silly addNameRange     '0.10.8',
88 silly addNameRange     '0.11.10',
88 silly addNameRange     '0.11.11',
88 silly addNameRange     '0.11.12',
88 silly addNameRange     '0.11.11-dev',
88 silly addNameRange     '0.10.9',
88 silly addNameRange     '0.11.12-dev',
88 silly addNameRange     '0.11.12-dev2',
88 silly addNameRange     '0.11.13',
88 silly addNameRange     '0.11.14',
88 silly addNameRange     '0.12.0',
88 silly addNameRange     '0.10.10',
88 silly addNameRange     '0.12.1',
88 silly addNameRange     '0.12.2',
88 silly addNameRange     '0.12.3',
88 silly addNameRange     '0.12.4',
88 silly addNameRange     '0.12.5',
88 silly addNameRange     '0.12.6',
88 silly addNameRange     '0.12.6-beta-43e6e28',
88 silly addNameRange     '0.12.7',
88 silly addNameRange     '0.12.8',
88 silly addNameRange     '0.12.9',
88 silly addNameRange     '0.12.10',
88 silly addNameRange     '0.12.11',
88 silly addNameRange     '0.12.12',
88 silly addNameRange     '0.12.11-beta-3029418',
88 silly addNameRange     '0.12.13',
88 silly addNameRange     '0.12.14',
88 silly addNameRange     '0.12.15',
88 silly addNameRange     '0.12.16',
88 silly addNameRange     '0.12.16-beta-905422d',
88 silly addNameRange     '0.12.17',
88 silly addNameRange     '0.12.18',
88 silly addNameRange     '0.12.19',
88 silly addNameRange     '0.12.20',
88 silly addNameRange     '0.12.21',
88 silly addNameRange     '0.12.22',
88 silly addNameRange     '0.12.23',
88 silly addNameRange     '0.12.24',
88 silly addNameRange     '0.12.24-beta-6cf7955',
88 silly addNameRange     '0.12.25',
88 silly addNameRange     '0.12.25-beta-37a7958',
88 silly addNameRange     '0.12.25-beta-ad5bc24',
88 silly addNameRange     '0.12.26',
88 silly addNameRange     '0.12.27',
88 silly addNameRange     '0.12.28',
88 silly addNameRange     '0.12.28-beta-b9be580',
88 silly addNameRange     '0.12.29',
88 silly addNameRange     '0.12.30',
88 silly addNameRange     '0.12.31',
88 silly addNameRange     '0.12.28-beta-f65c864',
88 silly addNameRange     '0.12.24-dev-test',
88 silly addNameRange     '0.12.24-dev-socketio10',
88 silly addNameRange     '0.12.24-dev-socketio10-2',
88 silly addNameRange     '0.12.32-beta.0',
88 silly addNameRange     '0.12.32',
88 silly addNameRange     '0.13.0-rc.0',
88 silly addNameRange     '0.12.33',
88 silly addNameRange     '0.13.0-rc.1',
88 silly addNameRange     '0.12.34',
88 silly addNameRange     '0.13.0-rc.2',
88 silly addNameRange     '0.12.35',
88 silly addNameRange     '0.13.0-rc.3',
88 silly addNameRange     '0.12.36',
88 silly addNameRange     '0.13.0-rc.4',
88 silly addNameRange     '0.12.37',
88 silly addNameRange     '0.13.0-rc.5',
88 silly addNameRange     '0.13.0-rc.6',
88 silly addNameRange     '0.13.0-rc.7',
88 silly addNameRange     '0.13.0-rc.8',
88 silly addNameRange     '0.13.0-rc.9',
88 silly addNameRange     '0.13.0',
88 silly addNameRange     '0.13.1',
88 silly addNameRange     '0.13.2',
88 silly addNameRange     '0.13.3',
88 silly addNameRange     '0.13.4',
88 silly addNameRange     '0.13.5',
88 silly addNameRange     '0.13.6',
88 silly addNameRange     '0.13.7',
88 silly addNameRange     '0.13.8',
88 silly addNameRange     '0.13.9',
88 silly addNameRange     '0.13.10',
88 silly addNameRange     '0.13.11',
88 silly addNameRange     '0.13.12',
88 silly addNameRange     '0.13.13',
88 silly addNameRange     '0.13.14',
88 silly addNameRange     '0.13.15' ] ]
89 verbose addNamed [ 'karma', '0.13.15' ]
90 verbose addNamed [ '0.13.15', '0.13.15' ]
91 silly lockFile 55bca6fd-karma-0-13-15 karma@0.13.15
92 verbose lock karma@0.13.15 /Users/rlamore/.npm/55bca6fd-karma-0-13-15.lock
93 silly lockFile 06f39870-pmjs-org-karma-karma-0-13-15-tgz https://registry.npmjs.org/karma/-/karma-0.13.15.tgz
94 verbose lock https://registry.npmjs.org/karma/-/karma-0.13.15.tgz /Users/rlamore/.npm/06f39870-pmjs-org-karma-karma-0-13-15-tgz.lock
95 verbose addRemoteTarball [ 'https://registry.npmjs.org/karma/-/karma-0.13.15.tgz',
95 verbose addRemoteTarball   '71c3925651728a05ab4980a6e894ce3aa5e8c5c0' ]
96 info retry fetch attempt 1 at 14:20:14
97 verbose fetch to= /tmp/npm-50009-Q3BdCZk6/registry.npmjs.org/karma/-/karma-0.13.15.tgz
98 http GET https://registry.npmjs.org/karma/-/karma-0.13.15.tgz
99 http 200 https://registry.npmjs.org/karma/-/karma-0.13.15.tgz
100 silly lockFile 06f39870-pmjs-org-karma-karma-0-13-15-tgz https://registry.npmjs.org/karma/-/karma-0.13.15.tgz
101 silly lockFile 06f39870-pmjs-org-karma-karma-0-13-15-tgz https://registry.npmjs.org/karma/-/karma-0.13.15.tgz
102 silly lockFile 55bca6fd-karma-0-13-15 karma@0.13.15
103 silly lockFile 55bca6fd-karma-0-13-15 karma@0.13.15
104 silly lockFile cd7961bb-karma karma@
105 silly lockFile cd7961bb-karma karma@
106 silly lockFile 7ae313f5--npmjs-org-bower-bower-1-6-5-tgz https://registry.npmjs.org/bower/-/bower-1.6.5.tgz
107 silly lockFile 7ae313f5--npmjs-org-bower-bower-1-6-5-tgz https://registry.npmjs.org/bower/-/bower-1.6.5.tgz
108 silly lockFile ffc9c2be-bower-1-6-5 bower@1.6.5
109 silly lockFile ffc9c2be-bower-1-6-5 bower@1.6.5
110 silly lockFile 1240aab1-bower bower@
111 silly lockFile 1240aab1-bower bower@
112 error 404 Not Found
112 error 404
112 error 404 'gurnt-cli' is not in the npm registry.
112 error 404 You should bug the author to publish it
112 error 404
112 error 404 Note that you can also install from a
112 error 404 tarball, folder, or http url, or git url.
113 error System Darwin 14.4.0
114 error command "node" "/usr/local/bin/npm" "-g" "install" "gurnt-cli" "karma" "bower"
115 error cwd /Users/rlamore/Portfolio/ng-boilerplate
116 error node -v v0.10.32
117 error npm -v 1.4.28
118 error code E404
119 verbose exit [ 1, true ]
